[ 2016-06-26T12:16:18+08:00 ] ::1 /php_study/
INFO: [ app_init ] --START--
INFO: Run Behavior\BuildLiteBehavior [ RunTime:0.000057s ]
INFO: [ app_init ] --END-- [ RunTime:0.111417s ]
INFO: [ app_begin ] --START--
INFO: Run Behavior\ReadHtmlCacheBehavior [ RunTime:0.107861s ]
INFO: [ app_begin ] --END-- [ RunTime:0.108040s ]
NOTIC: [8] Use of undefined constant index - assumed 'index' D:\phpStudy\WWW\php_study\Application\Home\Api\pageDataApi.class.php 第 20 行.
NOTIC: [8] Use of undefined constant article_master - assumed 'article_master' D:\phpStudy\WWW\php_study\Application\Home\Api\pageDataApi.class.php 第 83 行.
SQL: SHOW COLUMNS FROM `pst_article_master` [ RunTime:0.3004s ]
SQL: SELECT `article_articleId`,`article_articleTitle`,`article_articleContent`,`article_articleTime`,`article_articleimg` FROM `pst_article_master` WHERE ( article_articlePlateId = 1 AND article_articleBlockId = 1 ) ORDER BY article_articleId desc LIMIT 4   [ RunTime:0.0018s ]
SQL: SELECT `article_articleId`,`article_articleTitle`,`article_articleContent`,`article_articleTime`,`article_articleimg` FROM `pst_article_master` WHERE ( article_articlePlateId = 1 AND article_articleBlockId = 2 ) ORDER BY article_articleId desc LIMIT 4   [ RunTime:0.0012s ]
SQL: SELECT `article_articleId`,`article_articleTitle`,`article_articleContent`,`article_articleTime`,`article_articleimg` FROM `pst_article_master` WHERE ( article_articlePlateId = 1 AND article_articleBlockId = 3 ) ORDER BY article_articleId desc LIMIT 6   [ RunTime:0.0014s ]
SQL: SELECT `article_articleId`,`article_articleTitle`,`article_articleContent`,`article_articleTime`,`article_articleimg` FROM `pst_article_master` WHERE ( article_articlePlateId = 1 AND article_articleBlockId = 4 ) ORDER BY article_articleId desc LIMIT 3   [ RunTime:0.0020s ]
INFO: [ view_parse ] --START--
INFO: [ template_filter ] --START--
INFO: Run Behavior\ContentReplaceBehavior [ RunTime:0.023719s ]
INFO: [ template_filter ] --END-- [ RunTime:0.023807s ]
INFO: Run Behavior\ParseTemplateBehavior [ RunTime:0.416837s ]
INFO: [ view_parse ] --END-- [ RunTime:0.416981s ]
INFO: [ view_filter ] --START--
INFO: Run Behavior\WriteHtmlCacheBehavior [ RunTime:0.041997s ]
INFO: [ view_filter ] --END-- [ RunTime:0.042101s ]
INFO: [ app_end ] --START--
INFO: Run Behavior\ShowPageTraceBehavior [ RunTime:0.039400s ]
INFO: [ app_end ] --END-- [ RunTime:0.039565s ]

[ 2016-06-26T12:19:41+08:00 ] ::1 /php_study/Application/UPLOAD/static/js/editor/ckeditor/skins/bootstrapck/icons.png
INFO: [ app_init ] --START--
INFO: Run Behavior\BuildLiteBehavior [ RunTime:0.000027s ]
INFO: [ app_init ] --END-- [ RunTime:0.000715s ]

[ 2016-06-26T12:25:43+08:00 ] ::1 /php_study/
INFO: [ app_init ] --START--
INFO: Run Behavior\BuildLiteBehavior [ RunTime:0.000016s ]
INFO: [ app_init ] --END-- [ RunTime:0.000435s ]
INFO: [ app_begin ] --START--
INFO: Run Behavior\ReadHtmlCacheBehavior [ RunTime:0.000852s ]
INFO: [ app_begin ] --END-- [ RunTime:0.000934s ]
NOTIC: [8] Use of undefined constant index - assumed 'index' D:\phpStudy\WWW\php_study\Application\Home\Api\pageDataApi.class.php 第 20 行.
NOTIC: [8] Use of undefined constant article_master - assumed 'article_master' D:\phpStudy\WWW\php_study\Application\Home\Api\pageDataApi.class.php 第 83 行.
SQL: SHOW COLUMNS FROM `pst_article_master` [ RunTime:0.0157s ]
SQL: SELECT `article_articleId`,`article_articleTitle`,`article_articleContent`,`article_articleTime`,`article_articleimg` FROM `pst_article_master` WHERE ( article_articlePlateId = 1 AND article_articleBlockId = 1 ) ORDER BY article_articleId desc LIMIT 4   [ RunTime:0.0010s ]
SQL: SELECT `article_articleId`,`article_articleTitle`,`article_articleContent`,`article_articleTime`,`article_articleimg` FROM `pst_article_master` WHERE ( article_articlePlateId = 1 AND article_articleBlockId = 2 ) ORDER BY article_articleId desc LIMIT 4   [ RunTime:0.0012s ]
SQL: SELECT `article_articleId`,`article_articleTitle`,`article_articleContent`,`article_articleTime`,`article_articleimg` FROM `pst_article_master` WHERE ( article_articlePlateId = 1 AND article_articleBlockId = 3 ) ORDER BY article_articleId desc LIMIT 6   [ RunTime:0.0015s ]
SQL: SELECT `article_articleId`,`article_articleTitle`,`article_articleContent`,`article_articleTime`,`article_articleimg` FROM `pst_article_master` WHERE ( article_articlePlateId = 1 AND article_articleBlockId = 4 ) ORDER BY article_articleId desc LIMIT 3   [ RunTime:0.0011s ]
INFO: [ view_parse ] --START--
INFO: [ template_filter ] --START--
INFO: Run Behavior\ContentReplaceBehavior [ RunTime:0.000260s ]
INFO: [ template_filter ] --END-- [ RunTime:0.000320s ]
INFO: Run Behavior\ParseTemplateBehavior [ RunTime:0.066103s ]
INFO: [ view_parse ] --END-- [ RunTime:0.066180s ]
INFO: [ view_filter ] --START--
INFO: Run Behavior\WriteHtmlCacheBehavior [ RunTime:0.000580s ]
INFO: [ view_filter ] --END-- [ RunTime:0.000630s ]
INFO: [ app_end ] --START--
INFO: Run Behavior\ShowPageTraceBehavior [ RunTime:0.001308s ]
INFO: [ app_end ] --END-- [ RunTime:0.001420s ]

