[ 2016-06-30T13:11:03+08:00 ] ::1 /php_study/
INFO: [ app_init ] --START--
INFO: Run Behavior\BuildLiteBehavior [ RunTime:0.000044s ]
INFO: [ app_init ] --END-- [ RunTime:0.197525s ]
INFO: [ app_begin ] --START--
INFO: Run Behavior\ReadHtmlCacheBehavior [ RunTime:0.057000s ]
INFO: [ app_begin ] --END-- [ RunTime:0.057107s ]
NOTIC: [8] Use of undefined constant index - assumed 'index' D:\phpStudy\WWW\php_study\Application\Home\Api\pageDataApi.class.php 第 20 行.
NOTIC: [8] Use of undefined constant article_master - assumed 'article_master' D:\phpStudy\WWW\php_study\Application\Home\Api\pageDataApi.class.php 第 83 行.
SQL: SHOW COLUMNS FROM `pst_article_master` [ RunTime:0.1874s ]
SQL: SELECT `article_articleId`,`article_articleTitle`,`article_articleContent`,`article_articleTime`,`article_articleimg` FROM `pst_article_master` WHERE ( article_articlePlateId = 1 AND article_articleBlockId = 1 ) ORDER BY article_articleId desc LIMIT 4   [ RunTime:0.0025s ]
SQL: SELECT `article_articleId`,`article_articleTitle`,`article_articleContent`,`article_articleTime`,`article_articleimg` FROM `pst_article_master` WHERE ( article_articlePlateId = 1 AND article_articleBlockId = 2 ) ORDER BY article_articleId desc LIMIT 4   [ RunTime:0.0017s ]
SQL: SELECT `article_articleId`,`article_articleTitle`,`article_articleContent`,`article_articleTime`,`article_articleimg` FROM `pst_article_master` WHERE ( article_articlePlateId = 1 AND article_articleBlockId = 3 ) ORDER BY article_articleId desc LIMIT 6   [ RunTime:0.0023s ]
SQL: SELECT `article_articleId`,`article_articleTitle`,`article_articleContent`,`article_articleTime`,`article_articleimg` FROM `pst_article_master` WHERE ( article_articlePlateId = 1 AND article_articleBlockId = 4 ) ORDER BY article_articleId desc LIMIT 3   [ RunTime:0.0019s ]
INFO: [ view_parse ] --START--
INFO: [ template_filter ] --START--
INFO: Run Behavior\ContentReplaceBehavior [ RunTime:0.025417s ]
INFO: [ template_filter ] --END-- [ RunTime:0.025544s ]
INFO: Run Behavior\ParseTemplateBehavior [ RunTime:0.514432s ]
INFO: [ view_parse ] --END-- [ RunTime:0.514538s ]
INFO: [ view_filter ] --START--
INFO: Run Behavior\WriteHtmlCacheBehavior [ RunTime:0.063015s ]
INFO: [ view_filter ] --END-- [ RunTime:0.063162s ]
INFO: [ app_end ] --START--
INFO: Run Behavior\ShowPageTraceBehavior [ RunTime:0.009519s ]
INFO: [ app_end ] --END-- [ RunTime:0.009647s ]

[ 2016-06-30T13:11:46+08:00 ] ::1 /php_study/Application/UPLOAD/static/js/editor/ckeditor/skins/bootstrapck/icons.png
INFO: [ app_init ] --START--
INFO: Run Behavior\BuildLiteBehavior [ RunTime:0.000022s ]
INFO: [ app_init ] --END-- [ RunTime:0.000567s ]

[ 2016-06-30T13:12:31+08:00 ] ::1 /php_study/Index/index.html
INFO: [ app_init ] --START--
INFO: Run Behavior\BuildLiteBehavior [ RunTime:0.000015s ]
INFO: [ app_init ] --END-- [ RunTime:0.000385s ]
INFO: [ app_begin ] --START--
INFO: Run Behavior\ReadHtmlCacheBehavior [ RunTime:0.000586s ]
INFO: [ app_begin ] --END-- [ RunTime:0.000644s ]
NOTIC: [8] Use of undefined constant index - assumed 'index' D:\phpStudy\WWW\php_study\Application\Home\Api\pageDataApi.class.php 第 20 行.
NOTIC: [8] Use of undefined constant article_master - assumed 'article_master' D:\phpStudy\WWW\php_study\Application\Home\Api\pageDataApi.class.php 第 83 行.
SQL: SHOW COLUMNS FROM `pst_article_master` [ RunTime:0.0150s ]
SQL: SELECT `article_articleId`,`article_articleTitle`,`article_articleContent`,`article_articleTime`,`article_articleimg` FROM `pst_article_master` WHERE ( article_articlePlateId = 1 AND article_articleBlockId = 1 ) ORDER BY article_articleId desc LIMIT 4   [ RunTime:0.0010s ]
SQL: SELECT `article_articleId`,`article_articleTitle`,`article_articleContent`,`article_articleTime`,`article_articleimg` FROM `pst_article_master` WHERE ( article_articlePlateId = 1 AND article_articleBlockId = 2 ) ORDER BY article_articleId desc LIMIT 4   [ RunTime:0.0012s ]
SQL: SELECT `article_articleId`,`article_articleTitle`,`article_articleContent`,`article_articleTime`,`article_articleimg` FROM `pst_article_master` WHERE ( article_articlePlateId = 1 AND article_articleBlockId = 3 ) ORDER BY article_articleId desc LIMIT 6   [ RunTime:0.0013s ]
SQL: SELECT `article_articleId`,`article_articleTitle`,`article_articleContent`,`article_articleTime`,`article_articleimg` FROM `pst_article_master` WHERE ( article_articlePlateId = 1 AND article_articleBlockId = 4 ) ORDER BY article_articleId desc LIMIT 3   [ RunTime:0.0011s ]
INFO: [ view_parse ] --START--
INFO: [ template_filter ] --START--
INFO: Run Behavior\ContentReplaceBehavior [ RunTime:0.000609s ]
INFO: [ template_filter ] --END-- [ RunTime:0.000837s ]
INFO: Run Behavior\ParseTemplateBehavior [ RunTime:0.095175s ]
INFO: [ view_parse ] --END-- [ RunTime:0.095295s ]
INFO: [ view_filter ] --START--
INFO: Run Behavior\WriteHtmlCacheBehavior [ RunTime:0.000644s ]
INFO: [ view_filter ] --END-- [ RunTime:0.000729s ]
INFO: [ app_end ] --START--
INFO: Run Behavior\ShowPageTraceBehavior [ RunTime:0.001076s ]
INFO: [ app_end ] --END-- [ RunTime:0.001194s ]

